* using log directory 'C:/Users/Allen Razdow/Documents/GitHub/tnum/tnum.Rcheck'
* using R version 4.0.0 (2020-04-24)
* using platform: x86_64-w64-mingw32 (64-bit)
* using session charset: ISO8859-1
* using options '--no-manual --as-cran'
* checking for file 'tnum/DESCRIPTION' ... OK
* checking extension type ... Package
* this is package 'tnum' version '0.1.0'
* package encoding: UTF-8
* checking package namespace information ... OK
* checking package dependencies ... OK
* checking if this is a source package ... OK
* checking if there is a namespace ... OK
* checking for executable files ... OK
* checking for hidden files and directories ... OK
* checking for portable file names ... OK
* checking serialization versions ... OK
* checking whether package 'tnum' can be installed ... OK
* checking installed package size ... OK
* checking package directory ... OK
* checking for future file timestamps ... OK
* checking DESCRIPTION meta-information ... NOTE
License components which are templates and need '+ file LICENSE':
  MIT
* checking top-level files ... NOTE
Non-standard files/directories found at top level:
  'manual.Rmd' 'manual.nb.html'
* checking for left-over files ... OK
* checking index information ... OK
* checking package subdirectories ... OK
* checking R files for non-ASCII characters ... OK
* checking R files for syntax errors ... OK
* checking whether the package can be loaded ... OK
* checking whether the package can be loaded with stated dependencies ... OK
* checking whether the package can be unloaded cleanly ... OK
* checking whether the namespace can be loaded with stated dependencies ... OK
* checking whether the namespace can be unloaded cleanly ... OK
* checking loading without being on the library search path ... OK
* checking dependencies in R code ... OK
* checking S3 generic/method consistency ... OK
* checking replacement functions ... OK
* checking foreign function calls ... OK
* checking R code for possible problems ... NOTE
Found the following assignments to the global environment:
File 'tnum/R/tnum.R':
  assign("tnum.var.ip", ip, envir = .GlobalEnv)
  assign("tnum.var.nspace", nspaces[[1]], envir = .GlobalEnv)
  assign("tnum.var.nspaces", nspaces, envir = .GlobalEnv)
  assign("tnum.var.token", token, envir = .GlobalEnv)
  assign("tnum.var.nspace", name, envir = .GlobalEnv)
  assign("tnum.var.result", result, envir = .GlobalEnv)
  assign("tnum.var.postedJSON", jsonnums, envir = .GlobalEnv)
* checking Rd files ... NOTE
prepare_Rd: tnum.add_remove_tags.Rd:12-14: Dropping empty section \value
prepare_Rd: tnum.maketruenumber.Rd:21-23: Dropping empty section \value
prepare_Rd: tnum.queryResultToDataframe.Rd:12-14: Dropping empty section \value
prepare_Rd: tnum.twitteR.authorize.Rd:9-11: Dropping empty section \value
* checking Rd metadata ... OK
* checking Rd line widths ... OK
* checking Rd cross-references ... OK
* checking for missing documentation entries ... OK
* checking for code/documentation mismatches ... OK
* checking Rd \usage sections ... WARNING
Undocumented arguments in documentation object 'tnum.add_remove_tags'
  'gid' 'adds'

Undocumented arguments in documentation object 'tnum.maketruenumber'
  'subject' 'property' 'Cvalue' 'Nvalue' 'error' 'units'
  'noEmptyStrings'

Undocumented arguments in documentation object 'tnum.queryResultToDataframe'
  'max'

Undocumented arguments in documentation object 'tnum.twitteR.post_tweets_as_tnums'
  'customTags'

Functions with \usage entries need to have the appropriate \alias
entries, and all their arguments documented.
The \usage entries must correspond to syntactically valid R code.
See chapter 'Writing R documentation files' in the 'Writing R
Extensions' manual.
* checking Rd contents ... WARNING
Argument items with no description in Rd object 'tnum.add_remove_tags':
  'removes'

Argument items with no description in Rd object 'tnum.maketruenumber':
  'tags'

Argument items with no description in Rd object 'tnum.queryResultToDataframe':
  'result'

* checking for unstated dependencies in examples ... OK
* checking examples ... NONE
* checking for non-standard things in the check directory ... OK
* checking for detritus in the temp directory ... OK
* DONE
Status: 2 WARNINGs, 4 NOTEs
